<?xml version="1.0" encoding="UTF-8"?>
<!-- Generated by org.testng.reporters.JUnitXMLReporter -->
<testsuite ignored="0" hostname="LAPTOP-8UUR9EO6" failures="0" tests="4" name="HRM application" time="100.142" errors="0" timestamp="2021-06-19T19:45:31 IST">
  <testcase classname="com.hrms.TestScripts.Drag_Drop" name="drap_drop" time="5.104"/>
  <testcase classname="com.hrms.TestScripts.Excel_xls" name="login" time="16.607"/>
  <testcase classname="com.hrms.TestScripts.Screenshot" name="screenshot" time="10.567"/>
  <testcase classname="com.hrms.TestScripts.TC002" name="login" time="22.563"/>
</testsuite> <!-- HRM application -->
