<?xml version="1.0" encoding="UTF-8"?>
<!-- Generated by org.testng.reporters.JUnitXMLReporter -->
<testsuite ignored="0" hostname="LAPTOP-8UUR9EO6" failures="0" tests="3" name="Nopackage" time="94.141" errors="0" timestamp="2021-06-22T18:46:07 IST">
  <testcase classname="com.hrms.TestScripts.TC_Login_Logout" name="login" time="28.582"/>
  <testcase classname="com.hrms.TestScripts.TC_Drag_Drop" name="drap_drop" time="5.512"/>
  <testcase classname="com.hrms.TestScripts.TC_Excel_xls" name="login" time="18.609"/>
</testsuite> <!-- Nopackage -->
