<?xml version="1.0" encoding="UTF-8"?>
<!-- Generated by org.testng.reporters.JUnitXMLReporter -->
<testsuite ignored="0" hostname="LAPTOP-8UUR9EO6" failures="0" tests="3" name="hrmscripts" time="94.569" errors="0" timestamp="2021-06-22T18:57:29 IST">
  <testcase classname="com.hrms.TestScripts.TC_Login_Logout" name="login" time="22.386"/>
  <testcase classname="com.hrms.TestScripts.TC_Drag_Drop" name="drap_drop" time="4.853"/>
  <testcase classname="com.hrms.TestScripts.TC_Excel_xls" name="login" time="17.347"/>
</testsuite> <!-- hrmscripts -->
